[09:02:36.852][INFO][CraftTweaker-EarlyInit]: CraftTweaker is running on a Minecraft 1.20.1 production server modded with platform Forge
[09:02:36.883][INFO][CraftTweaker-EarlyInit]: Successfully injected RecipeFS file system
[09:02:36.997][INFO][CraftTweaker-Plugins]: Successfully identified and loaded plugin farmersdelight:crafttweaker_plugin
[09:02:37.032][INFO][CraftTweaker-Plugins]: Successfully identified and loaded plugin crafttweaker:builtin
[09:02:37.033][INFO][CraftTweaker-Plugins]: Successfully identified and loaded plugin crafttweaker:builtin_forge
[09:02:37.039][INFO][CraftTweaker-Plugins]: Successfully identified and loaded plugin createtweaker:main
[09:02:37.044][INFO][CraftTweaker-Plugins]: Successfully identified and loaded plugin createtweaker:sifter
[09:02:38.196][INFO][CraftTweaker]: The following mods have explicit CraftTweaker support through the default plugin:
[09:02:38.200][INFO][CraftTweaker]: - 'crafttweaker' at version '14.0.36'
[09:02:38.200][INFO][CraftTweaker]: - 'createsifter' at version '1.20.1-1.8.1.e-22'
[09:02:38.201][INFO][CraftTweaker]: - 'createtweaker' at version '4.0.8'
[09:02:38.201][INFO][CraftTweaker]: - 'farmersdelight' at version '1.20.1-1.2.4'
[09:02:45.135][INFO][CraftTweaker-ZenCode]: Started loading scripts for loader 'initialize'
[09:02:45.569][INFO][CraftTweaker-ZenCode]: Compiling and executing scripts
[09:02:45.614][INFO][CraftTweaker-ZenCode]: Successfully initialized modules [crafttweaker, expansions]
[09:02:45.734][INFO][CraftTweaker-ZenCode]: Execution for loader 'initialize' completed successfully
[09:02:52.080][INFO][CraftTweaker-ZenCode]: Started loading scripts for loader 'tags'
[09:02:52.117][INFO][CraftTweaker-ZenCode]: Compiling and executing scripts
[09:02:52.138][INFO][CraftTweaker-ZenCode]: Successfully initialized modules [crafttweaker, expansions]
[09:02:52.150][INFO][CraftTweaker-ZenCode]: Execution for loader 'tags' completed successfully
[09:02:53.148][INFO][CraftTweaker]: crafttweaker.reload.start
[09:02:53.155][INFO][CraftTweaker-ZenCode]: Started loading scripts for loader 'crafttweaker'
[09:02:53.218][INFO][CraftTweaker-ZenCode]: Compiling and executing scripts
[09:02:53.744][INFO][CraftTweaker-ZenCode]: Successfully initialized modules [mods, crafttweaker, expansions]
[09:02:53.764][INFO][CraftTweaker-ZenCode]: Execution for loader 'crafttweaker' completed successfully
[09:02:53.765][INFO][CraftTweaker]: crafttweaker.reload.complete
